<?xml version="1.0" encoding="UTF-8"?>
<!-- Generated by org.testng.reporters.JUnitReportReporter -->
<testsuite hostname="Sean-PC" name="drivers.PerformGoogleSearch" tests="3" failures="0" timestamp="12 Feb 2017 18:03:33 GMT" time="4.670" errors="0">
  <testcase name="launchURL" time="1.489" classname="drivers.PerformGoogleSearch"/>
  <testcase name="performGoogleSearch" time="0.371" classname="drivers.PerformGoogleSearch"/>
  <testcase name="selectFirstSearchResult" time="2.810" classname="drivers.PerformGoogleSearch"/>
</testsuite> <!-- drivers.PerformGoogleSearch -->
